<?xml version="1.0" encoding="UTF-8"?>
<!-- Generated by org.testng.reporters.JUnitReportReporter -->
<testsuite hostname="bhaskar-PC" name="config.TestConfig" tests="1" failures="0" timestamp="24 Oct 2016 12:36:56 GMT" time="15.955" errors="0">
  <testcase name="startTest" time="15.955" classname="config.TestConfig"/>
</testsuite> <!-- config.TestConfig -->
